<?xml version="1.0" encoding="UTF-8"?>
<testsuite xmlns:xsi="http://www.w3.org/2001/XMLSchema-instance" xsi:noNamespaceSchemaLocation="https://maven.apache.org/surefire/maven-surefire-plugin/xsd/surefire-test-report.xsd" name="StepDefinition.TestRunner" time="81.427" tests="6" errors="0" skipped="0" failures="0">
  <properties>
[...]
</properties>
  <testcase name="Validate google search is working" classname="feature to test google search functionality" time="20.928"/>
  <testcase name="Check login is successful with valid credentials" classname="Feature to test login functionality" time="0.009"/>
  <testcase name="Check login is successful with valid credentials #1" classname="Test Login Functoinality using PF" time="14.992"/>
  <testcase name="Check login is successful with valid credentials #2" classname="Test Login Functoinality using PF" time="14.851"/>
  <testcase name="Check login is successful with valid credentials #1" classname="Test Login Functoinality using POM" time="14.873"/>
  <testcase name="Check login is successful with valid credentials #2" classname="Test Login Functoinality using POM" time="14.919"/>
</testsuite>